  Test.cpp
C:\Users\Stéphane\Desktop\UPV\SGI\Practicas\Prácticas\Práctica3\Test.cpp(26,61): warning C4244: 'argumento': conversión de 'double' a 'GLfloat'; posible pérdida de datos
C:\Users\Stéphane\Desktop\UPV\SGI\Practicas\Prácticas\Práctica3\Test.cpp(26,17): warning C4244: 'argumento': conversión de 'double' a 'GLfloat'; posible pérdida de datos
C:\Users\Stéphane\Desktop\UPV\SGI\Practicas\Prácticas\Práctica3\Test.cpp(27,61): warning C4244: 'argumento': conversión de 'double' a 'GLfloat'; posible pérdida de datos
C:\Users\Stéphane\Desktop\UPV\SGI\Practicas\Prácticas\Práctica3\Test.cpp(27,17): warning C4244: 'argumento': conversión de 'double' a 'GLfloat'; posible pérdida de datos
C:\Users\Stéphane\Desktop\UPV\SGI\Practicas\Prácticas\Práctica3\Test.cpp(28,61): warning C4244: 'argumento': conversión de 'double' a 'GLfloat'; posible pérdida de datos
C:\Users\Stéphane\Desktop\UPV\SGI\Practicas\Prácticas\Práctica3\Test.cpp(28,17): warning C4244: 'argumento': conversión de 'double' a 'GLfloat'; posible pérdida de datos
C:\Users\Stéphane\Desktop\UPV\SGI\Practicas\Prácticas\Práctica3\Test.cpp(29,61): warning C4244: 'argumento': conversión de 'double' a 'GLfloat'; posible pérdida de datos
C:\Users\Stéphane\Desktop\UPV\SGI\Practicas\Prácticas\Práctica3\Test.cpp(29,17): warning C4244: 'argumento': conversión de 'double' a 'GLfloat'; posible pérdida de datos
C:\Users\Stéphane\Desktop\UPV\SGI\Practicas\Prácticas\Práctica3\Test.cpp(30,61): warning C4244: 'argumento': conversión de 'double' a 'GLfloat'; posible pérdida de datos
C:\Users\Stéphane\Desktop\UPV\SGI\Practicas\Prácticas\Práctica3\Test.cpp(30,17): warning C4244: 'argumento': conversión de 'double' a 'GLfloat'; posible pérdida de datos
C:\Users\Stéphane\Desktop\UPV\SGI\Practicas\Prácticas\Práctica3\Test.cpp(31,61): warning C4244: 'argumento': conversión de 'double' a 'GLfloat'; posible pérdida de datos
C:\Users\Stéphane\Desktop\UPV\SGI\Practicas\Prácticas\Práctica3\Test.cpp(31,17): warning C4244: 'argumento': conversión de 'double' a 'GLfloat'; posible pérdida de datos
C:\Users\Stéphane\Desktop\UPV\SGI\Practicas\Prácticas\Práctica3\Test.cpp(32,61): warning C4244: 'argumento': conversión de 'double' a 'GLfloat'; posible pérdida de datos
C:\Users\Stéphane\Desktop\UPV\SGI\Practicas\Prácticas\Práctica3\Test.cpp(32,17): warning C4244: 'argumento': conversión de 'double' a 'GLfloat'; posible pérdida de datos
C:\Users\Stéphane\Desktop\UPV\SGI\Practicas\Prácticas\Práctica3\Test.cpp(33,61): warning C4244: 'argumento': conversión de 'double' a 'GLfloat'; posible pérdida de datos
C:\Users\Stéphane\Desktop\UPV\SGI\Practicas\Prácticas\Práctica3\Test.cpp(33,17): warning C4244: 'argumento': conversión de 'double' a 'GLfloat'; posible pérdida de datos
C:\Users\Stéphane\Desktop\UPV\SGI\Practicas\Prácticas\Práctica3\Test.cpp(36,61): warning C4244: 'argumento': conversión de 'double' a 'GLfloat'; posible pérdida de datos
C:\Users\Stéphane\Desktop\UPV\SGI\Practicas\Prácticas\Práctica3\Test.cpp(36,17): warning C4244: 'argumento': conversión de 'double' a 'GLfloat'; posible pérdida de datos
C:\Users\Stéphane\Desktop\UPV\SGI\Practicas\Prácticas\Práctica3\Test.cpp(37,61): warning C4244: 'argumento': conversión de 'double' a 'GLfloat'; posible pérdida de datos
C:\Users\Stéphane\Desktop\UPV\SGI\Practicas\Prácticas\Práctica3\Test.cpp(37,17): warning C4244: 'argumento': conversión de 'double' a 'GLfloat'; posible pérdida de datos
C:\Users\Stéphane\Desktop\UPV\SGI\Practicas\Prácticas\Práctica3\Test.cpp(38,61): warning C4244: 'argumento': conversión de 'double' a 'GLfloat'; posible pérdida de datos
C:\Users\Stéphane\Desktop\UPV\SGI\Practicas\Prácticas\Práctica3\Test.cpp(38,17): warning C4244: 'argumento': conversión de 'double' a 'GLfloat'; posible pérdida de datos
C:\Users\Stéphane\Desktop\UPV\SGI\Practicas\Prácticas\Práctica3\Test.cpp(39,61): warning C4244: 'argumento': conversión de 'double' a 'GLfloat'; posible pérdida de datos
C:\Users\Stéphane\Desktop\UPV\SGI\Practicas\Prácticas\Práctica3\Test.cpp(39,17): warning C4244: 'argumento': conversión de 'double' a 'GLfloat'; posible pérdida de datos
C:\Users\Stéphane\Desktop\UPV\SGI\Practicas\Prácticas\Práctica3\Test.cpp(40,61): warning C4244: 'argumento': conversión de 'double' a 'GLfloat'; posible pérdida de datos
C:\Users\Stéphane\Desktop\UPV\SGI\Practicas\Prácticas\Práctica3\Test.cpp(40,17): warning C4244: 'argumento': conversión de 'double' a 'GLfloat'; posible pérdida de datos
C:\Users\Stéphane\Desktop\UPV\SGI\Practicas\Prácticas\Práctica3\Test.cpp(41,61): warning C4244: 'argumento': conversión de 'double' a 'GLfloat'; posible pérdida de datos
C:\Users\Stéphane\Desktop\UPV\SGI\Practicas\Prácticas\Práctica3\Test.cpp(41,17): warning C4244: 'argumento': conversión de 'double' a 'GLfloat'; posible pérdida de datos
C:\Users\Stéphane\Desktop\UPV\SGI\Practicas\Prácticas\Práctica3\Test.cpp(42,61): warning C4244: 'argumento': conversión de 'double' a 'GLfloat'; posible pérdida de datos
C:\Users\Stéphane\Desktop\UPV\SGI\Practicas\Prácticas\Práctica3\Test.cpp(42,17): warning C4244: 'argumento': conversión de 'double' a 'GLfloat'; posible pérdida de datos
C:\Users\Stéphane\Desktop\UPV\SGI\Practicas\Prácticas\Práctica3\Test.cpp(43,61): warning C4244: 'argumento': conversión de 'double' a 'GLfloat'; posible pérdida de datos
C:\Users\Stéphane\Desktop\UPV\SGI\Practicas\Prácticas\Práctica3\Test.cpp(43,17): warning C4244: 'argumento': conversión de 'double' a 'GLfloat'; posible pérdida de datos
C:\Users\Stéphane\Desktop\UPV\SGI\Practicas\Prácticas\Práctica3\Test.cpp(51,24): warning C4305: 'argumento': truncamiento de 'double' a 'GLfloat'
C:\Users\Stéphane\Desktop\UPV\SGI\Practicas\Prácticas\Práctica3\Test.cpp(67,25): warning C4305: 'argumento': truncamiento de 'double' a 'GLfloat'
  Generando código
  3 of 16 functions (18.8%) were compiled, the rest were copied from previous compilation.
    0 functions were new in current compilation
    0 functions had inline decision re-evaluated but remain unchanged
  Generación de código finalizada
  Práctica3.vcxproj -> C:\Users\Stéphane\Desktop\UPV\SGI\Practicas\Prácticas\Práctica3\\Práctica3.exe
