Messages
=========================
SPIM Version 6.4 of January 1, 2002
Copyright 1990-2002 by James R. Larus (larus@cs.wisc.edu).
All Rights Reserved.
DOS and Windows ports by David A. Carley (dac@cs.wisc.edu).
Copyright 1997 by Morgan Kaufmann Publishers, Inc.
See the file README for a full copyright notice.
Loaded: C:\Users\Stéphane\Desktop\UPV\2ºAño\ETC\Lab\Session13\keyboard.handler


Registers
=========================
 PC     = 00000000     EPC    = 00000000     Cause  = 00000000     BadVAddr= 00000000
 Status = 00000000     HI     = 00000000     LO     = 00000000
                                 General Registers
R0  (r0) = 00000000  R8  (t0) = 00000000  R16 (s0) = 00000000  R24 (t8) = 00000000
R1  (at) = 00000000  R9  (t1) = 00000000  R17 (s1) = 00000000  R25 (t9) = 00000000
R2  (v0) = 00000000  R10 (t2) = 00000000  R18 (s2) = 00000000  R26 (k0) = 00000000
R3  (v1) = 00000000  R11 (t3) = 00000000  R19 (s3) = 00000000  R27 (k1) = 00000000
R4  (a0) = 00000000  R12 (t4) = 00000000  R20 (s4) = 00000000  R28 (gp) = 10008000
R5  (a1) = 00000000  R13 (t5) = 00000000  R21 (s5) = 00000000  R29 (sp) = 7fffeffc
R6  (a2) = 00000000  R14 (t6) = 00000000  R22 (s6) = 00000000  R30 (s8) = 00000000
R7  (a3) = 00000000  R15 (t7) = 00000000  R23 (s7) = 00000000  R31 (ra) = 00000000
                              Double Floating Point Registers
FP0  = 0.000000      FP8  = 0.000000      FP16 = 0.000000      FP24 = 0.000000     
FP2  = 0.000000      FP10 = 0.000000      FP18 = 0.000000      FP26 = 0.000000     
FP4  = 0.000000      FP12 = 0.000000      FP20 = 0.000000      FP28 = 0.000000     
FP6  = 0.000000      FP14 = 0.000000      FP22 = 0.000000      FP30 = 0.000000     
                              Single Floating Point Registers
FP0  = 0.000000      FP8  = 0.000000      FP16 = 0.000000      FP24 = 0.000000     
FP1  = 0.000000      FP9  = 0.000000      FP17 = 0.000000      FP25 = 0.000000     
FP2  = 0.000000      FP10 = 0.000000      FP18 = 0.000000      FP26 = 0.000000     
FP3  = 0.000000      FP11 = 0.000000      FP19 = 0.000000      FP27 = 0.000000     
FP4  = 0.000000      FP12 = 0.000000      FP20 = 0.000000      FP28 = 0.000000     
FP5  = 0.000000      FP13 = 0.000000      FP21 = 0.000000      FP29 = 0.000000     
FP6  = 0.000000      FP14 = 0.000000      FP22 = 0.000000      FP30 = 0.000000     
FP7  = 0.000000      FP15 = 0.000000      FP23 = 0.000000      FP31 = 0.000000     


Console
=========================


Text Segment
=========================
[0x00400000]        0x3c08ffff  lui $8, -1                      ; 68: la $t0, 0xFFFF0000
[0x00400004]        0x81090000  lb $9, 0($8)                    ; 69: lb $t1,0($t0)
[0x00400008]        0x35290002  ori $9, $9, 2                   ; 70: ori $t1, $t1, 0x2
[0x0040000c]        0xa1090000  sb $9, 0($8)                    ; 71: sb $t1, 0($t0)
[0x00400010]        0x34080103  ori $8, $0, 259                 ; 72: li $t0, 0x0103
[0x00400014]        0x40886000  mtc0 $8, $12                    ; 73: mtc0 $t0, $12
[0x00400018]        0x3c019000  lui $1, -28672 [context]        ; 74: la $k1, context
[0x0040001c]        0x343b0008  ori $27, $1, 8 [context]
[0x00400020]        0x0c000000  jal 0x00000000 [main]           ; 77: jal main
[0x00400024]        0x3402000a  ori $2, $0, 10                  ; 80: li $v0, 10
[0x00400028]        0x0000000c  syscall                         ; 81: syscall         # exit function

        KERNEL
[0x80000080]        0xaf610000  sw $1, 0($27)                   ; 27: sw $at,0($k1)
[0x80000084]        0xaf680004  sw $8, 4($27)                   ; 29: sw $t0, 4($k1)
[0x80000088]        0xaf620008  sw $2, 8($27)                   ; 30: sw $v0, 8($k1) 
[0x8000008c]        0xaf64000c  sw $4, 12($27)                  ; 31: sw $a0, 12($k1)
[0x80000090]        0x401a7000  mfc0 $26, $14                   ; 32: mfc0 $k0, $14
[0x80000094]        0x3c019000  lui $1, -28672                  ; 33: sw $k0, retaddr
[0x80000098]        0xac3a0004  sw $26, 4($1)
[0x8000009c]        0x3c08ffff  lui $8, -1                      ; 37: li $t0, 0xFFFF0000
[0x800000a0]        0x8d040004  lw $4, 4($8)                    ; 38: lw $a0, 4($t0)
[0x800000a4]        0x3402000b  ori $2, $0, 11                  ; 40: li $v0, 11 
[0x800000a8]        0x3404002a  ori $4, $0, 42                  ; 41: li $a0, '*' 
[0x800000ac]        0x0000000c  syscall                         ; 42: syscall
[0x800000b0]        0x3c019000  lui $1, -28672                  ; 46: lw $k0, retaddr
[0x800000b4]        0x8c3a0004  lw $26, 4($1)
[0x800000b8]        0x8f610000  lw $1, 0($27)                   ; 48: lw $at,0($k1)
[0x800000bc]        0x8f680004  lw $8, 4($27)                   ; 50: lw $t0, 4($k1)
[0x800000c0]        0x8f620008  lw $2, 8($27)                   ; 51: lw $v0, 8($k1) 
[0x800000c4]        0x8f64000c  lw $4, 12($27)                  ; 52: lw $a0, 12($k1)
[0x800000c8]        0x42000010  rfe                             ; 56: rfe
[0x800000cc]        0x03400008  jr $26                          ; 57: jr $k0 


Data Segment
=========================

        DATA
[0x10000000]...[0x10040000]        0x00000000

        STACK
[0x7fffeffc]                        0x00000000

        KERNEL DATA
[0x90000000]                        0xffffffff  0x00000000  0x00000000  0x00000000
[0x90000010]...[0x90010000]        0x00000000


